2018-04-18 11:43:15.1994|INFO|Microsoft.EntityFrameworkCore.Storage.Internal.RelationalCommandBuilderFactory|Executed DbCommand (1ms) [Parameters=[], CommandType='Text', CommandTimeout='30']
SELECT CASE
    WHEN EXISTS (
        SELECT 1
        FROM [Cities] AS [c])
    THEN CAST(1 AS BIT) ELSE CAST(0 AS BIT)
END
2018-04-18 11:43:16.4046|INFO|Microsoft.AspNetCore.Hosting.Internal.WebHost|Request starting HTTP/1.1 GET http://localhost:54505/  
2018-04-18 11:43:16.4046|INFO|Microsoft.AspNetCore.Hosting.Internal.WebHost|Request starting HTTP/1.1 DEBUG http://localhost:54505/  0
2018-04-18 11:43:16.5861|INFO|Microsoft.AspNetCore.Hosting.Internal.WebHost|Request finished in 221.7902ms 200 
2018-04-18 11:43:16.9711|INFO|Microsoft.AspNetCore.Hosting.Internal.WebHost|Request finished in 661.1746ms 404 text/plain
2018-04-18 11:44:30.5589|INFO|Microsoft.AspNetCore.Hosting.Internal.WebHost|Request starting HTTP/1.1 GET http://localhost:54505/api/cities  
2018-04-18 11:44:30.7474|INFO|Microsoft.EntityFrameworkCore.Storage.Internal.RelationalCommandBuilderFactory|Executed DbCommand (9ms) [Parameters=[], CommandType='Text', CommandTimeout='30']
SELECT OBJECT_ID(N'__EFMigrationsHistory');
2018-04-18 11:44:30.7574|INFO|Microsoft.EntityFrameworkCore.Storage.Internal.RelationalCommandBuilderFactory|Executed DbCommand (0ms) [Parameters=[], CommandType='Text', CommandTimeout='30']
SELECT OBJECT_ID(N'__EFMigrationsHistory');
2018-04-18 11:44:30.7574|INFO|Microsoft.EntityFrameworkCore.Storage.Internal.RelationalCommandBuilderFactory|Executed DbCommand (0ms) [Parameters=[], CommandType='Text', CommandTimeout='30']
SELECT [MigrationId], [ProductVersion]
FROM [__EFMigrationsHistory]
ORDER BY [MigrationId];
2018-04-18 11:44:30.8196|INFO|Microsoft.AspNetCore.Mvc.Internal.ControllerActionInvoker|Executing action method CityInfo.API.Controllers.CitiesController.GetCities (CityInfo.API) with arguments () - ModelState is Valid
2018-04-18 11:44:30.9690|INFO|Microsoft.EntityFrameworkCore.Storage.Internal.RelationalCommandBuilderFactory|Executed DbCommand (0ms) [Parameters=[], CommandType='Text', CommandTimeout='30']
SELECT [c].[Id], [c].[Description], [c].[Name]
FROM [Cities] AS [c]
ORDER BY [c].[Name]
2018-04-18 11:44:31.0602|INFO|Microsoft.AspNetCore.Mvc.Internal.ObjectResultExecutor|Executing ObjectResult, writing value Microsoft.AspNetCore.Mvc.ControllerContext.
2018-04-18 11:44:31.3731|INFO|Microsoft.AspNetCore.Mvc.Internal.ControllerActionInvoker|Executed action CityInfo.API.Controllers.CitiesController.GetCities (CityInfo.API) in 704.0146ms
2018-04-18 11:44:31.3731|INFO|Microsoft.AspNetCore.Hosting.Internal.WebHost|Request finished in 827.5426ms 200 application/json; charset=utf-8
2018-04-18 11:53:54.9330|INFO|Microsoft.EntityFrameworkCore.Storage.Internal.RelationalCommandBuilderFactory|Executed DbCommand (1ms) [Parameters=[], CommandType='Text', CommandTimeout='30']
SELECT CASE
    WHEN EXISTS (
        SELECT 1
        FROM [Cities] AS [c])
    THEN CAST(1 AS BIT) ELSE CAST(0 AS BIT)
END
2018-04-18 11:53:55.6583|INFO|Microsoft.AspNetCore.Hosting.Internal.WebHost|Request starting HTTP/1.1 DEBUG http://localhost:54505/  0
2018-04-18 11:53:55.6583|INFO|Microsoft.AspNetCore.Hosting.Internal.WebHost|Request starting HTTP/1.1 GET http://localhost:54505/  
2018-04-18 11:53:55.7967|INFO|Microsoft.AspNetCore.Hosting.Internal.WebHost|Request finished in 174.7802ms 200 
2018-04-18 11:53:56.1667|INFO|Microsoft.AspNetCore.Hosting.Internal.WebHost|Request finished in 583.7127ms 404 text/plain
2018-04-18 11:54:06.0478|INFO|Microsoft.AspNetCore.Hosting.Internal.WebHost|Request starting HTTP/1.1 GET http://localhost:54505/api/cities/1  
2018-04-18 11:54:06.2263|INFO|Microsoft.EntityFrameworkCore.Storage.Internal.RelationalCommandBuilderFactory|Executed DbCommand (9ms) [Parameters=[], CommandType='Text', CommandTimeout='30']
SELECT OBJECT_ID(N'__EFMigrationsHistory');
2018-04-18 11:54:06.2333|INFO|Microsoft.EntityFrameworkCore.Storage.Internal.RelationalCommandBuilderFactory|Executed DbCommand (0ms) [Parameters=[], CommandType='Text', CommandTimeout='30']
SELECT OBJECT_ID(N'__EFMigrationsHistory');
2018-04-18 11:54:06.2333|INFO|Microsoft.EntityFrameworkCore.Storage.Internal.RelationalCommandBuilderFactory|Executed DbCommand (0ms) [Parameters=[], CommandType='Text', CommandTimeout='30']
SELECT [MigrationId], [ProductVersion]
FROM [__EFMigrationsHistory]
ORDER BY [MigrationId];
2018-04-18 11:54:06.3570|INFO|Microsoft.AspNetCore.Mvc.Internal.ControllerActionInvoker|Executing action method CityInfo.API.Controllers.CitiesController.GetCity (CityInfo.API) with arguments (1, False) - ModelState is Valid
2018-04-18 11:54:07.2836|INFO|Microsoft.EntityFrameworkCore.Storage.Internal.RelationalCommandBuilderFactory|Executed DbCommand (12ms) [Parameters=[@__cityId_0='?'], CommandType='Text', CommandTimeout='30']
SELECT TOP(1) [c].[Id], [c].[Description], [c].[Name]
FROM [Cities] AS [c]
WHERE [c].[Id] = @__cityId_0
2018-04-18 11:54:07.3709|INFO|Microsoft.AspNetCore.Mvc.Internal.ObjectResultExecutor|Executing ObjectResult, writing value Microsoft.AspNetCore.Mvc.ControllerContext.
2018-04-18 11:54:07.6311|INFO|Microsoft.AspNetCore.Mvc.Internal.ControllerActionInvoker|Executed action CityInfo.API.Controllers.CitiesController.GetCity (CityInfo.API) in 1486.6084ms
2018-04-18 11:54:07.6401|INFO|Microsoft.AspNetCore.Hosting.Internal.WebHost|Request finished in 1592.897ms 200 application/json; charset=utf-8
2018-04-18 11:54:52.1476|INFO|Microsoft.AspNetCore.Hosting.Internal.WebHost|Request starting HTTP/1.1 GET http://localhost:54505/api/cities/10  
2018-04-18 11:54:52.1651|INFO|Microsoft.EntityFrameworkCore.Storage.Internal.RelationalCommandBuilderFactory|Executed DbCommand (0ms) [Parameters=[], CommandType='Text', CommandTimeout='30']
SELECT OBJECT_ID(N'__EFMigrationsHistory');
2018-04-18 11:54:52.1827|INFO|Microsoft.EntityFrameworkCore.Storage.Internal.RelationalCommandBuilderFactory|Executed DbCommand (3ms) [Parameters=[], CommandType='Text', CommandTimeout='30']
SELECT OBJECT_ID(N'__EFMigrationsHistory');
2018-04-18 11:54:52.1827|INFO|Microsoft.EntityFrameworkCore.Storage.Internal.RelationalCommandBuilderFactory|Executed DbCommand (0ms) [Parameters=[], CommandType='Text', CommandTimeout='30']
SELECT [MigrationId], [ProductVersion]
FROM [__EFMigrationsHistory]
ORDER BY [MigrationId];
2018-04-18 11:54:52.2037|INFO|Microsoft.AspNetCore.Mvc.Internal.ControllerActionInvoker|Executing action method CityInfo.API.Controllers.CitiesController.GetCity (CityInfo.API) with arguments (10, False) - ModelState is Valid
2018-04-18 11:54:52.2223|INFO|Microsoft.EntityFrameworkCore.Storage.Internal.RelationalCommandBuilderFactory|Executed DbCommand (0ms) [Parameters=[@__cityId_0='?'], CommandType='Text', CommandTimeout='30']
SELECT TOP(1) [c].[Id], [c].[Description], [c].[Name]
FROM [Cities] AS [c]
WHERE [c].[Id] = @__cityId_0
2018-04-18 11:54:52.2303|INFO|Microsoft.AspNetCore.Mvc.StatusCodeResult|Executing HttpStatusCodeResult, setting HTTP status code 404
2018-04-18 11:54:52.2303|INFO|Microsoft.AspNetCore.Mvc.Internal.ControllerActionInvoker|Executed action CityInfo.API.Controllers.CitiesController.GetCity (CityInfo.API) in 74.5707ms
2018-04-18 11:54:52.2519|INFO|Microsoft.AspNetCore.Hosting.Internal.WebHost|Request finished in 106.0876ms 404 text/plain
2018-04-18 12:00:31.3581|INFO|Microsoft.AspNetCore.Hosting.Internal.WebHost|Request starting HTTP/1.1 GET http://localhost:54505/api/cities/1?includePointsOfInterest=true  
2018-04-18 12:00:31.4393|INFO|Microsoft.EntityFrameworkCore.Storage.Internal.RelationalCommandBuilderFactory|Executed DbCommand (2ms) [Parameters=[], CommandType='Text', CommandTimeout='30']
SELECT OBJECT_ID(N'__EFMigrationsHistory');
2018-04-18 12:00:31.4393|INFO|Microsoft.EntityFrameworkCore.Storage.Internal.RelationalCommandBuilderFactory|Executed DbCommand (0ms) [Parameters=[], CommandType='Text', CommandTimeout='30']
SELECT OBJECT_ID(N'__EFMigrationsHistory');
2018-04-18 12:00:31.4518|INFO|Microsoft.EntityFrameworkCore.Storage.Internal.RelationalCommandBuilderFactory|Executed DbCommand (0ms) [Parameters=[], CommandType='Text', CommandTimeout='30']
SELECT [MigrationId], [ProductVersion]
FROM [__EFMigrationsHistory]
ORDER BY [MigrationId];
2018-04-18 12:00:31.4518|INFO|Microsoft.AspNetCore.Mvc.Internal.ControllerActionInvoker|Executing action method CityInfo.API.Controllers.CitiesController.GetCity (CityInfo.API) with arguments (1, True) - ModelState is Valid
2018-04-18 12:00:31.5762|INFO|Microsoft.EntityFrameworkCore.Storage.Internal.RelationalCommandBuilderFactory|Executed DbCommand (0ms) [Parameters=[@__cityId_0='?'], CommandType='Text', CommandTimeout='30']
SELECT TOP(1) [c].[Id], [c].[Description], [c].[Name]
FROM [Cities] AS [c]
WHERE [c].[Id] = @__cityId_0
ORDER BY [c].[Id]
2018-04-18 12:00:31.8714|INFO|Microsoft.EntityFrameworkCore.Storage.Internal.RelationalCommandBuilderFactory|Executed DbCommand (1ms) [Parameters=[@__cityId_0='?'], CommandType='Text', CommandTimeout='30']
SELECT [p].[Id], [p].[CityId], [p].[Description], [p].[Name]
FROM [PointsOfInterest] AS [p]
WHERE EXISTS (
    SELECT TOP(1) 1
    FROM [Cities] AS [c]
    WHERE ([c].[Id] = @__cityId_0) AND ([p].[CityId] = [c].[Id]))
ORDER BY [p].[CityId]
2018-04-18 12:00:31.9391|INFO|Microsoft.AspNetCore.Mvc.Internal.ObjectResultExecutor|Executing ObjectResult, writing value Microsoft.AspNetCore.Mvc.ControllerContext.
2018-04-18 12:00:31.9847|INFO|Microsoft.AspNetCore.Mvc.Internal.ControllerActionInvoker|Executed action CityInfo.API.Controllers.CitiesController.GetCity (CityInfo.API) in 614.1246ms
2018-04-18 12:00:31.9983|INFO|Microsoft.AspNetCore.Hosting.Internal.WebHost|Request finished in 662.5075ms 200 application/json; charset=utf-8
2018-04-18 12:01:19.5014|INFO|Microsoft.AspNetCore.Hosting.Internal.WebHost|Request starting HTTP/1.1 GET http://localhost:54505/api/cities/1?includePointsOfInterest=true  
2018-04-18 12:01:19.5385|INFO|Microsoft.EntityFrameworkCore.Storage.Internal.RelationalCommandBuilderFactory|Executed DbCommand (0ms) [Parameters=[], CommandType='Text', CommandTimeout='30']
SELECT OBJECT_ID(N'__EFMigrationsHistory');
2018-04-18 12:01:19.5515|INFO|Microsoft.EntityFrameworkCore.Storage.Internal.RelationalCommandBuilderFactory|Executed DbCommand (0ms) [Parameters=[], CommandType='Text', CommandTimeout='30']
SELECT OBJECT_ID(N'__EFMigrationsHistory');
2018-04-18 12:01:19.5615|INFO|Microsoft.EntityFrameworkCore.Storage.Internal.RelationalCommandBuilderFactory|Executed DbCommand (0ms) [Parameters=[], CommandType='Text', CommandTimeout='30']
SELECT [MigrationId], [ProductVersion]
FROM [__EFMigrationsHistory]
ORDER BY [MigrationId];
2018-04-18 12:01:19.5615|INFO|Microsoft.AspNetCore.Mvc.Internal.ControllerActionInvoker|Executing action method CityInfo.API.Controllers.CitiesController.GetCity (CityInfo.API) with arguments (1, True) - ModelState is Valid
2018-04-18 12:01:19.5886|INFO|Microsoft.EntityFrameworkCore.Storage.Internal.RelationalCommandBuilderFactory|Executed DbCommand (1ms) [Parameters=[@__cityId_0='?'], CommandType='Text', CommandTimeout='30']
SELECT TOP(1) [c].[Id], [c].[Description], [c].[Name]
FROM [Cities] AS [c]
WHERE [c].[Id] = @__cityId_0
ORDER BY [c].[Id]
2018-04-18 12:01:19.5886|INFO|Microsoft.EntityFrameworkCore.Storage.Internal.RelationalCommandBuilderFactory|Executed DbCommand (1ms) [Parameters=[@__cityId_0='?'], CommandType='Text', CommandTimeout='30']
SELECT [p].[Id], [p].[CityId], [p].[Description], [p].[Name]
FROM [PointsOfInterest] AS [p]
WHERE EXISTS (
    SELECT TOP(1) 1
    FROM [Cities] AS [c]
    WHERE ([c].[Id] = @__cityId_0) AND ([p].[CityId] = [c].[Id]))
ORDER BY [p].[CityId]
2018-04-18 12:01:19.5886|INFO|Microsoft.AspNetCore.Mvc.Internal.ObjectResultExecutor|Executing ObjectResult, writing value Microsoft.AspNetCore.Mvc.ControllerContext.
2018-04-18 12:01:19.6097|INFO|Microsoft.AspNetCore.Mvc.Internal.ControllerActionInvoker|Executed action CityInfo.API.Controllers.CitiesController.GetCity (CityInfo.API) in 72.8393ms
2018-04-18 12:01:19.6097|INFO|Microsoft.AspNetCore.Hosting.Internal.WebHost|Request finished in 120.0275ms 200 application/json; charset=utf-8
2018-04-18 12:26:43.6784|INFO|Microsoft.EntityFrameworkCore.Storage.Internal.RelationalCommandBuilderFactory|Executed DbCommand (0ms) [Parameters=[], CommandType='Text', CommandTimeout='30']
SELECT CASE
    WHEN EXISTS (
        SELECT 1
        FROM [Cities] AS [c])
    THEN CAST(1 AS BIT) ELSE CAST(0 AS BIT)
END
2018-04-18 12:26:44.6986|INFO|Microsoft.AspNetCore.Hosting.Internal.WebHost|Request starting HTTP/1.1 GET http://localhost:54505/api/cities/1/pointsofinterest  
2018-04-18 12:26:44.6986|INFO|Microsoft.AspNetCore.Hosting.Internal.WebHost|Request starting HTTP/1.1 GET http://localhost:54505/  
2018-04-18 12:26:44.6986|INFO|Microsoft.AspNetCore.Hosting.Internal.WebHost|Request starting HTTP/1.1 DEBUG http://localhost:54505/  0
2018-04-18 12:26:44.8209|INFO|Microsoft.AspNetCore.Hosting.Internal.WebHost|Request finished in 170.5194ms 200 
2018-04-18 12:26:45.2856|INFO|Microsoft.AspNetCore.Hosting.Internal.WebHost|Request finished in 680.7379ms 404 text/plain
2018-04-18 12:26:45.4787|INFO|Microsoft.EntityFrameworkCore.Storage.Internal.RelationalCommandBuilderFactory|Executed DbCommand (8ms) [Parameters=[], CommandType='Text', CommandTimeout='30']
SELECT OBJECT_ID(N'__EFMigrationsHistory');
2018-04-18 12:26:45.4922|INFO|Microsoft.EntityFrameworkCore.Storage.Internal.RelationalCommandBuilderFactory|Executed DbCommand (1ms) [Parameters=[], CommandType='Text', CommandTimeout='30']
SELECT OBJECT_ID(N'__EFMigrationsHistory');
2018-04-18 12:26:45.5258|INFO|Microsoft.EntityFrameworkCore.Storage.Internal.RelationalCommandBuilderFactory|Executed DbCommand (6ms) [Parameters=[], CommandType='Text', CommandTimeout='30']
SELECT [MigrationId], [ProductVersion]
FROM [__EFMigrationsHistory]
ORDER BY [MigrationId];
2018-04-18 12:26:45.6957|INFO|Microsoft.AspNetCore.Mvc.Internal.ControllerActionInvoker|Executing action method CityInfo.API.Controllers.PointsOfInterestController.GetPointsOfInterest (CityInfo.API) with arguments (1) - ModelState is Valid
2018-04-18 12:26:45.9489|INFO|Microsoft.EntityFrameworkCore.Storage.Internal.RelationalCommandBuilderFactory|Executed DbCommand (16ms) [Parameters=[@__cityId_0='?'], CommandType='Text', CommandTimeout='30']
SELECT CASE
    WHEN EXISTS (
        SELECT 1
        FROM [Cities] AS [c]
        WHERE [c].[Id] = @__cityId_0)
    THEN CAST(1 AS BIT) ELSE CAST(0 AS BIT)
END
2018-04-18 12:26:46.0016|INFO|Microsoft.EntityFrameworkCore.Storage.Internal.RelationalCommandBuilderFactory|Executed DbCommand (0ms) [Parameters=[@__cityId_0='?'], CommandType='Text', CommandTimeout='30']
SELECT [p].[Id], [p].[CityId], [p].[Description], [p].[Name]
FROM [PointsOfInterest] AS [p]
WHERE [p].[CityId] = @__cityId_0
2018-04-18 12:26:46.1199|INFO|Microsoft.AspNetCore.Mvc.Internal.ObjectResultExecutor|Executing ObjectResult, writing value Microsoft.AspNetCore.Mvc.ControllerContext.
2018-04-18 12:26:46.4447|INFO|Microsoft.AspNetCore.Mvc.Internal.ControllerActionInvoker|Executed action CityInfo.API.Controllers.PointsOfInterestController.GetPointsOfInterest (CityInfo.API) in 1060.715ms
2018-04-18 12:26:46.4563|INFO|Microsoft.AspNetCore.Hosting.Internal.WebHost|Request finished in 1853.3691ms 200 application/json; charset=utf-8
2018-04-18 12:27:01.9044|INFO|Microsoft.AspNetCore.Hosting.Internal.WebHost|Request starting HTTP/1.1 GET http://localhost:54505/api/cities/4/pointsofinterest  
2018-04-18 12:27:01.9445|INFO|Microsoft.EntityFrameworkCore.Storage.Internal.RelationalCommandBuilderFactory|Executed DbCommand (5ms) [Parameters=[], CommandType='Text', CommandTimeout='30']
SELECT OBJECT_ID(N'__EFMigrationsHistory');
2018-04-18 12:27:01.9620|INFO|Microsoft.EntityFrameworkCore.Storage.Internal.RelationalCommandBuilderFactory|Executed DbCommand (0ms) [Parameters=[], CommandType='Text', CommandTimeout='30']
SELECT OBJECT_ID(N'__EFMigrationsHistory');
2018-04-18 12:27:01.9680|INFO|Microsoft.EntityFrameworkCore.Storage.Internal.RelationalCommandBuilderFactory|Executed DbCommand (0ms) [Parameters=[], CommandType='Text', CommandTimeout='30']
SELECT [MigrationId], [ProductVersion]
FROM [__EFMigrationsHistory]
ORDER BY [MigrationId];
2018-04-18 12:27:01.9916|INFO|Microsoft.AspNetCore.Mvc.Internal.ControllerActionInvoker|Executing action method CityInfo.API.Controllers.PointsOfInterestController.GetPointsOfInterest (CityInfo.API) with arguments (4) - ModelState is Valid
2018-04-18 12:27:02.0207|INFO|Microsoft.EntityFrameworkCore.Storage.Internal.RelationalCommandBuilderFactory|Executed DbCommand (0ms) [Parameters=[@__cityId_0='?'], CommandType='Text', CommandTimeout='30']
SELECT CASE
    WHEN EXISTS (
        SELECT 1
        FROM [Cities] AS [c]
        WHERE [c].[Id] = @__cityId_0)
    THEN CAST(1 AS BIT) ELSE CAST(0 AS BIT)
END
2018-04-18 12:27:02.0302|INFO|CityInfo.API.Controllers.PointsOfInterestController|City with id 4 wasn't found when accessing points of interest.
2018-04-18 12:27:02.0302|INFO|Microsoft.AspNetCore.Mvc.StatusCodeResult|Executing HttpStatusCodeResult, setting HTTP status code 404
2018-04-18 12:27:02.0522|INFO|Microsoft.AspNetCore.Mvc.Internal.ControllerActionInvoker|Executed action CityInfo.API.Controllers.PointsOfInterestController.GetPointsOfInterest (CityInfo.API) in 134.0361ms
2018-04-18 12:27:02.0522|INFO|Microsoft.AspNetCore.Hosting.Internal.WebHost|Request finished in 153.0363ms 404 text/plain
2018-04-18 12:27:06.5366|INFO|Microsoft.AspNetCore.Hosting.Internal.WebHost|Request starting HTTP/1.1 GET http://localhost:54505/api/cities/1/pointsofinterest  
2018-04-18 12:27:06.5517|INFO|Microsoft.EntityFrameworkCore.Storage.Internal.RelationalCommandBuilderFactory|Executed DbCommand (0ms) [Parameters=[], CommandType='Text', CommandTimeout='30']
SELECT OBJECT_ID(N'__EFMigrationsHistory');
2018-04-18 12:27:06.5517|INFO|Microsoft.EntityFrameworkCore.Storage.Internal.RelationalCommandBuilderFactory|Executed DbCommand (0ms) [Parameters=[], CommandType='Text', CommandTimeout='30']
SELECT OBJECT_ID(N'__EFMigrationsHistory');
2018-04-18 12:27:06.5657|INFO|Microsoft.EntityFrameworkCore.Storage.Internal.RelationalCommandBuilderFactory|Executed DbCommand (0ms) [Parameters=[], CommandType='Text', CommandTimeout='30']
SELECT [MigrationId], [ProductVersion]
FROM [__EFMigrationsHistory]
ORDER BY [MigrationId];
2018-04-18 12:27:06.5657|INFO|Microsoft.AspNetCore.Mvc.Internal.ControllerActionInvoker|Executing action method CityInfo.API.Controllers.PointsOfInterestController.GetPointsOfInterest (CityInfo.API) with arguments (1) - ModelState is Valid
2018-04-18 12:27:06.5833|INFO|Microsoft.EntityFrameworkCore.Storage.Internal.RelationalCommandBuilderFactory|Executed DbCommand (0ms) [Parameters=[@__cityId_0='?'], CommandType='Text', CommandTimeout='30']
SELECT CASE
    WHEN EXISTS (
        SELECT 1
        FROM [Cities] AS [c]
        WHERE [c].[Id] = @__cityId_0)
    THEN CAST(1 AS BIT) ELSE CAST(0 AS BIT)
END
2018-04-18 12:27:06.5833|INFO|Microsoft.EntityFrameworkCore.Storage.Internal.RelationalCommandBuilderFactory|Executed DbCommand (0ms) [Parameters=[@__cityId_0='?'], CommandType='Text', CommandTimeout='30']
SELECT [p].[Id], [p].[CityId], [p].[Description], [p].[Name]
FROM [PointsOfInterest] AS [p]
WHERE [p].[CityId] = @__cityId_0
2018-04-18 12:27:06.6028|INFO|Microsoft.AspNetCore.Mvc.Internal.ObjectResultExecutor|Executing ObjectResult, writing value Microsoft.AspNetCore.Mvc.ControllerContext.
2018-04-18 12:27:06.6254|INFO|Microsoft.AspNetCore.Mvc.Internal.ControllerActionInvoker|Executed action CityInfo.API.Controllers.PointsOfInterestController.GetPointsOfInterest (CityInfo.API) in 67.6748ms
2018-04-18 12:27:06.6254|INFO|Microsoft.AspNetCore.Hosting.Internal.WebHost|Request finished in 94.6679ms 200 application/json; charset=utf-8
2018-04-18 12:27:16.6070|INFO|Microsoft.AspNetCore.Hosting.Internal.WebHost|Request starting HTTP/1.1 GET http://localhost:54505/api/cities/1/pointsofinterest/1  
2018-04-18 12:27:16.7463|INFO|Microsoft.EntityFrameworkCore.Storage.Internal.RelationalCommandBuilderFactory|Executed DbCommand (5ms) [Parameters=[], CommandType='Text', CommandTimeout='30']
SELECT OBJECT_ID(N'__EFMigrationsHistory');
2018-04-18 12:27:16.7975|INFO|Microsoft.EntityFrameworkCore.Storage.Internal.RelationalCommandBuilderFactory|Executed DbCommand (4ms) [Parameters=[], CommandType='Text', CommandTimeout='30']
SELECT OBJECT_ID(N'__EFMigrationsHistory');
2018-04-18 12:27:16.8386|INFO|Microsoft.EntityFrameworkCore.Storage.Internal.RelationalCommandBuilderFactory|Executed DbCommand (1ms) [Parameters=[], CommandType='Text', CommandTimeout='30']
SELECT [MigrationId], [ProductVersion]
FROM [__EFMigrationsHistory]
ORDER BY [MigrationId];
2018-04-18 12:27:16.9318|INFO|Microsoft.AspNetCore.Mvc.Internal.ControllerActionInvoker|Executing action method CityInfo.API.Controllers.PointsOfInterestController.GetPointsOfInterest (CityInfo.API) with arguments (1, 1) - ModelState is Valid
2018-04-18 12:27:16.9664|INFO|Microsoft.EntityFrameworkCore.Storage.Internal.RelationalCommandBuilderFactory|Executed DbCommand (5ms) [Parameters=[@__cityId_0='?'], CommandType='Text', CommandTimeout='30']
SELECT CASE
    WHEN EXISTS (
        SELECT 1
        FROM [Cities] AS [c]
        WHERE [c].[Id] = @__cityId_0)
    THEN CAST(1 AS BIT) ELSE CAST(0 AS BIT)
END
2018-04-18 12:27:18.6143|INFO|Microsoft.EntityFrameworkCore.Storage.Internal.RelationalCommandBuilderFactory|Executed DbCommand (2ms) [Parameters=[@__cityId_0='?', @__pointOfInterestId_1='?'], CommandType='Text', CommandTimeout='30']
SELECT TOP(1) [p].[Id], [p].[CityId], [p].[Description], [p].[Name]
FROM [PointsOfInterest] AS [p]
WHERE ([p].[CityId] = @__cityId_0) AND ([p].[Id] = @__pointOfInterestId_1)
2018-04-18 12:27:18.6419|INFO|Microsoft.AspNetCore.Mvc.Internal.ObjectResultExecutor|Executing ObjectResult, writing value Microsoft.AspNetCore.Mvc.ControllerContext.
2018-04-18 12:27:18.7381|INFO|Microsoft.AspNetCore.Mvc.Internal.ControllerActionInvoker|Executed action CityInfo.API.Controllers.PointsOfInterestController.GetPointsOfInterest (CityInfo.API) in 2033.7012ms
2018-04-18 12:27:18.9627|INFO|Microsoft.AspNetCore.Hosting.Internal.WebHost|Request finished in 2150.4558ms 200 application/json; charset=utf-8
2018-04-18 12:27:36.4446|INFO|Microsoft.AspNetCore.Hosting.Internal.WebHost|Request starting HTTP/1.1 GET http://localhost:54505/api/cities/4/pointsofinterest/1  
2018-04-18 12:27:36.4656|INFO|Microsoft.EntityFrameworkCore.Storage.Internal.RelationalCommandBuilderFactory|Executed DbCommand (3ms) [Parameters=[], CommandType='Text', CommandTimeout='30']
SELECT OBJECT_ID(N'__EFMigrationsHistory');
2018-04-18 12:27:36.4751|INFO|Microsoft.EntityFrameworkCore.Storage.Internal.RelationalCommandBuilderFactory|Executed DbCommand (1ms) [Parameters=[], CommandType='Text', CommandTimeout='30']
SELECT OBJECT_ID(N'__EFMigrationsHistory');
2018-04-18 12:27:36.4857|INFO|Microsoft.EntityFrameworkCore.Storage.Internal.RelationalCommandBuilderFactory|Executed DbCommand (0ms) [Parameters=[], CommandType='Text', CommandTimeout='30']
SELECT [MigrationId], [ProductVersion]
FROM [__EFMigrationsHistory]
ORDER BY [MigrationId];
2018-04-18 12:27:36.4857|INFO|Microsoft.AspNetCore.Mvc.Internal.ControllerActionInvoker|Executing action method CityInfo.API.Controllers.PointsOfInterestController.GetPointsOfInterest (CityInfo.API) with arguments (4, 1) - ModelState is Valid
2018-04-18 12:27:36.4857|INFO|Microsoft.EntityFrameworkCore.Storage.Internal.RelationalCommandBuilderFactory|Executed DbCommand (0ms) [Parameters=[@__cityId_0='?'], CommandType='Text', CommandTimeout='30']
SELECT CASE
    WHEN EXISTS (
        SELECT 1
        FROM [Cities] AS [c]
        WHERE [c].[Id] = @__cityId_0)
    THEN CAST(1 AS BIT) ELSE CAST(0 AS BIT)
END
2018-04-18 12:27:36.5032|INFO|Microsoft.AspNetCore.Mvc.StatusCodeResult|Executing HttpStatusCodeResult, setting HTTP status code 404
2018-04-18 12:27:36.5032|INFO|Microsoft.AspNetCore.Mvc.Internal.ControllerActionInvoker|Executed action CityInfo.API.Controllers.PointsOfInterestController.GetPointsOfInterest (CityInfo.API) in 59.1039ms
2018-04-18 12:27:36.5157|INFO|Microsoft.AspNetCore.Hosting.Internal.WebHost|Request finished in 71.0579ms 404 text/plain
2018-04-18 12:27:40.3121|INFO|Microsoft.AspNetCore.Hosting.Internal.WebHost|Request starting HTTP/1.1 GET http://localhost:54505/api/cities/1/pointsofinterest/1  
2018-04-18 12:27:40.3121|INFO|Microsoft.EntityFrameworkCore.Storage.Internal.RelationalCommandBuilderFactory|Executed DbCommand (2ms) [Parameters=[], CommandType='Text', CommandTimeout='30']
SELECT OBJECT_ID(N'__EFMigrationsHistory');
2018-04-18 12:27:40.3377|INFO|Microsoft.EntityFrameworkCore.Storage.Internal.RelationalCommandBuilderFactory|Executed DbCommand (0ms) [Parameters=[], CommandType='Text', CommandTimeout='30']
SELECT OBJECT_ID(N'__EFMigrationsHistory');
2018-04-18 12:27:40.3467|INFO|Microsoft.EntityFrameworkCore.Storage.Internal.RelationalCommandBuilderFactory|Executed DbCommand (0ms) [Parameters=[], CommandType='Text', CommandTimeout='30']
SELECT [MigrationId], [ProductVersion]
FROM [__EFMigrationsHistory]
ORDER BY [MigrationId];
2018-04-18 12:27:40.3467|INFO|Microsoft.AspNetCore.Mvc.Internal.ControllerActionInvoker|Executing action method CityInfo.API.Controllers.PointsOfInterestController.GetPointsOfInterest (CityInfo.API) with arguments (1, 1) - ModelState is Valid
2018-04-18 12:27:40.3597|INFO|Microsoft.EntityFrameworkCore.Storage.Internal.RelationalCommandBuilderFactory|Executed DbCommand (0ms) [Parameters=[@__cityId_0='?'], CommandType='Text', CommandTimeout='30']
SELECT CASE
    WHEN EXISTS (
        SELECT 1
        FROM [Cities] AS [c]
        WHERE [c].[Id] = @__cityId_0)
    THEN CAST(1 AS BIT) ELSE CAST(0 AS BIT)
END
2018-04-18 12:27:40.3597|INFO|Microsoft.EntityFrameworkCore.Storage.Internal.RelationalCommandBuilderFactory|Executed DbCommand (0ms) [Parameters=[@__cityId_0='?', @__pointOfInterestId_1='?'], CommandType='Text', CommandTimeout='30']
SELECT TOP(1) [p].[Id], [p].[CityId], [p].[Description], [p].[Name]
FROM [PointsOfInterest] AS [p]
WHERE ([p].[CityId] = @__cityId_0) AND ([p].[Id] = @__pointOfInterestId_1)
2018-04-18 12:27:40.3597|INFO|Microsoft.AspNetCore.Mvc.Internal.ObjectResultExecutor|Executing ObjectResult, writing value Microsoft.AspNetCore.Mvc.ControllerContext.
2018-04-18 12:27:40.3798|INFO|Microsoft.AspNetCore.Mvc.Internal.ControllerActionInvoker|Executed action CityInfo.API.Controllers.PointsOfInterestController.GetPointsOfInterest (CityInfo.API) in 60.4244ms
2018-04-18 12:27:40.3798|INFO|Microsoft.AspNetCore.Hosting.Internal.WebHost|Request finished in 73.2809ms 200 application/json; charset=utf-8
